[2024-03-07T03:56:16.662+0000][1][gc,init] CardTable entry size: 512
[2024-03-07T03:56:16.662+0000][1][gc     ] Using G1
[2024-03-07T03:56:16.674+0000][1][gc,init] Version: 21.0.2+13-LTS (release)
[2024-03-07T03:56:16.674+0000][1][gc,init] CPUs: 12 total, 12 available
[2024-03-07T03:56:16.674+0000][1][gc,init] Memory: 7867M
[2024-03-07T03:56:16.674+0000][1][gc,init] Large Page Support: Disabled
[2024-03-07T03:56:16.674+0000][1][gc,init] NUMA Support: Disabled
[2024-03-07T03:56:16.674+0000][1][gc,init] Compressed Oops: Enabled (32-bit)
[2024-03-07T03:56:16.674+0000][1][gc,init] Heap Region Size: 1M
[2024-03-07T03:56:16.674+0000][1][gc,init] Heap Min Capacity: 1G
[2024-03-07T03:56:16.674+0000][1][gc,init] Heap Initial Capacity: 1G
[2024-03-07T03:56:16.674+0000][1][gc,init] Heap Max Capacity: 1G
[2024-03-07T03:56:16.674+0000][1][gc,init] Pre-touch: Disabled
[2024-03-07T03:56:16.674+0000][1][gc,init] Parallel Workers: 10
[2024-03-07T03:56:16.674+0000][1][gc,init] Concurrent Workers: 3
[2024-03-07T03:56:16.674+0000][1][gc,init] Concurrent Refinement Workers: 10
[2024-03-07T03:56:16.674+0000][1][gc,init] Periodic GC: Disabled
[2024-03-07T03:56:16.674+0000][1][gc,metaspace] CDS archive(s) not mapped
[2024-03-07T03:56:16.674+0000][1][gc,metaspace] Compressed class space mapped at: 0x0000000100000000-0x0000000140000000, reserved size: 1073741824
[2024-03-07T03:56:16.674+0000][1][gc,metaspace] Narrow klass base: 0x0000000000000000, Narrow klass shift: 3, Narrow klass range: 0x140000000
[2024-03-07T03:56:17.497+0000][1][safepoint   ] Safepoint "ICBufferFull", Time since last: 803754647 ns, Reaching safepoint: 77696 ns, Cleanup: 147326 ns, At safepoint: 6472 ns, Total: 231494 ns
[2024-03-07T03:56:17.717+0000][1][gc,start    ] GC(0) Pause Young (Concurrent Start) (Metadata GC Threshold)
[2024-03-07T03:56:17.718+0000][1][gc,task     ] GC(0) Using 10 workers of 10 for evacuation
[2024-03-07T03:56:17.718+0000][1][gc,age      ] GC(0) Desired survivor size 3670016 bytes, new threshold 15 (max threshold 15)
[2024-03-07T03:56:17.733+0000][1][gc,phases   ] GC(0)   Pre Evacuate Collection Set: 0.4ms
[2024-03-07T03:56:17.733+0000][1][gc,phases   ] GC(0)   Merge Heap Roots: 0.1ms
[2024-03-07T03:56:17.733+0000][1][gc,phases   ] GC(0)   Evacuate Collection Set: 12.8ms
[2024-03-07T03:56:17.733+0000][1][gc,phases   ] GC(0)   Post Evacuate Collection Set: 1.7ms
[2024-03-07T03:56:17.733+0000][1][gc,phases   ] GC(0)   Other: 1.3ms
[2024-03-07T03:56:17.733+0000][1][gc,age      ] GC(0) Age table with threshold 15 (max threshold 15)
[2024-03-07T03:56:17.733+0000][1][gc,age      ] GC(0) - age   1:    6695072 bytes,    6695072 total
[2024-03-07T03:56:17.733+0000][1][gc,heap     ] GC(0) Eden regions: 40->0(44)
[2024-03-07T03:56:17.733+0000][1][gc,heap     ] GC(0) Survivor regions: 0->7(7)
[2024-03-07T03:56:17.733+0000][1][gc,heap     ] GC(0) Old regions: 0->1
[2024-03-07T03:56:17.733+0000][1][gc,heap     ] GC(0) Humongous regions: 3->3
[2024-03-07T03:56:17.733+0000][1][gc,metaspace] GC(0) Metaspace: 21250K(21504K)->21250K(21504K) NonClass: 19002K(19136K)->19002K(19136K) Class: 2248K(2368K)->2248K(2368K)
[2024-03-07T03:56:17.733+0000][1][gc          ] GC(0) Pause Young (Concurrent Start) (Metadata GC Threshold) 42M->10M(1024M) 16.640ms
[2024-03-07T03:56:17.733+0000][1][gc,cpu      ] GC(0) User=0.02s Sys=0.03s Real=0.02s
[2024-03-07T03:56:17.733+0000][1][safepoint   ] Safepoint "CollectForMetadataAllocation", Time since last: 219728409 ns, Reaching safepoint: 6372 ns, Cleanup: 78528 ns, At safepoint: 16761518 ns, Total: 16846418 ns
[2024-03-07T03:56:17.733+0000][1][gc          ] GC(1) Concurrent Mark Cycle
[2024-03-07T03:56:17.733+0000][1][gc,marking  ] GC(1) Concurrent Scan Root Regions
[2024-03-07T03:56:17.744+0000][1][gc,marking  ] GC(1) Concurrent Scan Root Regions 11.071ms
[2024-03-07T03:56:17.745+0000][1][gc,marking  ] GC(1) Concurrent Mark
[2024-03-07T03:56:17.745+0000][1][gc,marking  ] GC(1) Concurrent Mark From Roots
[2024-03-07T03:56:17.745+0000][1][gc,task     ] GC(1) Using 3 workers of 3 for marking
[2024-03-07T03:56:17.745+0000][1][gc,marking  ] GC(1) Concurrent Mark From Roots 0.460ms
[2024-03-07T03:56:17.745+0000][1][gc,marking  ] GC(1) Concurrent Preclean
[2024-03-07T03:56:17.745+0000][1][gc,marking  ] GC(1) Concurrent Preclean 0.016ms
[2024-03-07T03:56:17.746+0000][1][gc,start    ] GC(1) Pause Remark
[2024-03-07T03:56:17.750+0000][1][gc          ] GC(1) Pause Remark 11M->11M(1024M) 4.468ms
[2024-03-07T03:56:17.750+0000][1][gc,cpu      ] GC(1) User=0.00s Sys=0.00s Real=0.00s
[2024-03-07T03:56:17.750+0000][1][safepoint   ] Safepoint "G1PauseRemark", Time since last: 11891021 ns, Reaching safepoint: 541506 ns, Cleanup: 4278 ns, At safepoint: 4574583 ns, Total: 5120367 ns
[2024-03-07T03:56:17.750+0000][1][gc,marking  ] GC(1) Concurrent Mark 5.753ms
[2024-03-07T03:56:17.750+0000][1][gc,marking  ] GC(1) Concurrent Rebuild Remembered Sets and Scrub Regions
[2024-03-07T03:56:17.751+0000][1][gc,marking  ] GC(1) Concurrent Rebuild Remembered Sets and Scrub Regions 1.077ms
[2024-03-07T03:56:17.754+0000][1][gc,start    ] GC(1) Pause Cleanup
[2024-03-07T03:56:17.754+0000][1][gc          ] GC(1) Pause Cleanup 11M->11M(1024M) 0.447ms
[2024-03-07T03:56:17.754+0000][1][gc,cpu      ] GC(1) User=0.00s Sys=0.00s Real=0.00s
[2024-03-07T03:56:17.754+0000][1][safepoint   ] Safepoint "G1PauseCleanup", Time since last: 1194652 ns, Reaching safepoint: 2140085 ns, Cleanup: 17493 ns, At safepoint: 514395 ns, Total: 2671973 ns
[2024-03-07T03:56:17.754+0000][1][gc,marking  ] GC(1) Concurrent Clear Claimed Marks
[2024-03-07T03:56:17.754+0000][1][gc,marking  ] GC(1) Concurrent Clear Claimed Marks 0.040ms
[2024-03-07T03:56:17.754+0000][1][gc,marking  ] GC(1) Concurrent Cleanup for Next Mark
[2024-03-07T03:56:17.762+0000][1][gc,marking  ] GC(1) Concurrent Cleanup for Next Mark 7.450ms
[2024-03-07T03:56:17.762+0000][1][gc          ] GC(1) Concurrent Mark Cycle 28.403ms
[2024-03-07T03:56:18.437+0000][1][gc,start    ] GC(2) Pause Young (Normal) (G1 Evacuation Pause)
[2024-03-07T03:56:18.437+0000][1][gc,task     ] GC(2) Using 10 workers of 10 for evacuation
[2024-03-07T03:56:18.437+0000][1][gc,age      ] GC(2) Desired survivor size 3670016 bytes, new threshold 1 (max threshold 15)
[2024-03-07T03:56:18.452+0000][1][gc,phases   ] GC(2)   Pre Evacuate Collection Set: 0.4ms
[2024-03-07T03:56:18.452+0000][1][gc,phases   ] GC(2)   Merge Heap Roots: 0.1ms
[2024-03-07T03:56:18.452+0000][1][gc,phases   ] GC(2)   Evacuate Collection Set: 13.5ms
[2024-03-07T03:56:18.452+0000][1][gc,phases   ] GC(2)   Post Evacuate Collection Set: 1.3ms
[2024-03-07T03:56:18.452+0000][1][gc,phases   ] GC(2)   Other: 0.1ms
[2024-03-07T03:56:18.452+0000][1][gc,age      ] GC(2) Age table with threshold 1 (max threshold 15)
[2024-03-07T03:56:18.452+0000][1][gc,age      ] GC(2) - age   1:    1281632 bytes,    1281632 total
[2024-03-07T03:56:18.452+0000][1][gc,heap     ] GC(2) Eden regions: 44->0(69)
[2024-03-07T03:56:18.452+0000][1][gc,heap     ] GC(2) Survivor regions: 7->2(7)
[2024-03-07T03:56:18.452+0000][1][gc,heap     ] GC(2) Old regions: 1->8
[2024-03-07T03:56:18.452+0000][1][gc,heap     ] GC(2) Humongous regions: 3->3
[2024-03-07T03:56:18.452+0000][1][gc,metaspace] GC(2) Metaspace: 29406K(29824K)->29406K(29824K) NonClass: 26217K(26432K)->26217K(26432K) Class: 3188K(3392K)->3188K(3392K)
[2024-03-07T03:56:18.452+0000][1][gc          ] GC(2) Pause Young (Normal) (G1 Evacuation Pause) 54M->12M(1024M) 15.638ms
[2024-03-07T03:56:18.452+0000][1][gc,cpu      ] GC(2) User=0.04s Sys=0.01s Real=0.01s
[2024-03-07T03:56:18.452+0000][1][safepoint   ] Safepoint "G1CollectForAllocation", Time since last: 682394213 ns, Reaching safepoint: 5059 ns, Cleanup: 96191 ns, At safepoint: 15701630 ns, Total: 15802880 ns
[2024-03-07T03:56:18.995+0000][1][gc,start    ] GC(3) Pause Young (Normal) (G1 Evacuation Pause)
[2024-03-07T03:56:18.995+0000][1][gc,task     ] GC(3) Using 10 workers of 10 for evacuation
[2024-03-07T03:56:18.995+0000][1][gc,age      ] GC(3) Desired survivor size 4718592 bytes, new threshold 15 (max threshold 15)
[2024-03-07T03:56:19.024+0000][1][gc,phases   ] GC(3)   Pre Evacuate Collection Set: 0.4ms
[2024-03-07T03:56:19.024+0000][1][gc,phases   ] GC(3)   Merge Heap Roots: 0.1ms
[2024-03-07T03:56:19.024+0000][1][gc,phases   ] GC(3)   Evacuate Collection Set: 18.9ms
[2024-03-07T03:56:19.024+0000][1][gc,phases   ] GC(3)   Post Evacuate Collection Set: 9.5ms
[2024-03-07T03:56:19.024+0000][1][gc,phases   ] GC(3)   Other: 0.1ms
[2024-03-07T03:56:19.024+0000][1][gc,age      ] GC(3) Age table with threshold 15 (max threshold 15)
[2024-03-07T03:56:19.024+0000][1][gc,age      ] GC(3) - age   1:    4176704 bytes,    4176704 total
[2024-03-07T03:56:19.024+0000][1][gc,age      ] GC(3) - age   2:    1222216 bytes,    5398920 total
[2024-03-07T03:56:19.024+0000][1][gc,heap     ] GC(3) Eden regions: 69->0(412)
[2024-03-07T03:56:19.024+0000][1][gc,heap     ] GC(3) Survivor regions: 2->6(9)
[2024-03-07T03:56:19.024+0000][1][gc,heap     ] GC(3) Old regions: 8->8
[2024-03-07T03:56:19.024+0000][1][gc,heap     ] GC(3) Humongous regions: 3->3
[2024-03-07T03:56:19.024+0000][1][gc,metaspace] GC(3) Metaspace: 32545K(32896K)->32545K(32896K) NonClass: 28922K(29120K)->28922K(29120K) Class: 3622K(3776K)->3622K(3776K)
[2024-03-07T03:56:19.024+0000][1][gc          ] GC(3) Pause Young (Normal) (G1 Evacuation Pause) 81M->16M(1024M) 29.503ms
[2024-03-07T03:56:19.024+0000][1][gc,cpu      ] GC(3) User=0.09s Sys=0.00s Real=0.03s
[2024-03-07T03:56:19.024+0000][1][safepoint   ] Safepoint "G1CollectForAllocation", Time since last: 542164805 ns, Reaching safepoint: 18615 ns, Cleanup: 193463 ns, At safepoint: 29589708 ns, Total: 29801786 ns
[2024-03-07T03:56:19.824+0000][1][gc,start    ] GC(4) Pause Young (Concurrent Start) (Metadata GC Threshold)
[2024-03-07T03:56:19.824+0000][1][gc,task     ] GC(4) Using 10 workers of 10 for evacuation
[2024-03-07T03:56:19.824+0000][1][gc,age      ] GC(4) Desired survivor size 27787264 bytes, new threshold 15 (max threshold 15)
[2024-03-07T03:56:19.840+0000][1][gc,phases   ] GC(4)   Pre Evacuate Collection Set: 3.2ms
[2024-03-07T03:56:19.840+0000][1][gc,phases   ] GC(4)   Merge Heap Roots: 0.1ms
[2024-03-07T03:56:19.840+0000][1][gc,phases   ] GC(4)   Evacuate Collection Set: 9.5ms
[2024-03-07T03:56:19.840+0000][1][gc,phases   ] GC(4)   Post Evacuate Collection Set: 2.6ms
[2024-03-07T03:56:19.840+0000][1][gc,phases   ] GC(4)   Other: 0.2ms
[2024-03-07T03:56:19.840+0000][1][gc,age      ] GC(4) Age table with threshold 15 (max threshold 15)
[2024-03-07T03:56:19.840+0000][1][gc,age      ] GC(4) - age   1:    1357464 bytes,    1357464 total
[2024-03-07T03:56:19.840+0000][1][gc,age      ] GC(4) - age   2:     950232 bytes,    2307696 total
[2024-03-07T03:56:19.840+0000][1][gc,age      ] GC(4) - age   3:    1209456 bytes,    3517152 total
[2024-03-07T03:56:19.840+0000][1][gc,heap     ] GC(4) Eden regions: 108->0(610)
[2024-03-07T03:56:19.840+0000][1][gc,heap     ] GC(4) Survivor regions: 6->4(53)
[2024-03-07T03:56:19.840+0000][1][gc,heap     ] GC(4) Old regions: 8->8
[2024-03-07T03:56:19.840+0000][1][gc,heap     ] GC(4) Humongous regions: 3->3
[2024-03-07T03:56:19.840+0000][1][gc,metaspace] GC(4) Metaspace: 35778K(36096K)->35778K(36096K) NonClass: 31763K(31936K)->31763K(31936K) Class: 4014K(4160K)->4014K(4160K)
[2024-03-07T03:56:19.840+0000][1][gc          ] GC(4) Pause Young (Concurrent Start) (Metadata GC Threshold) 123M->14M(1024M) 15.917ms
[2024-03-07T03:56:19.840+0000][1][gc,cpu      ] GC(4) User=0.03s Sys=0.00s Real=0.01s
[2024-03-07T03:56:19.840+0000][1][gc          ] GC(5) Concurrent Mark Cycle
[2024-03-07T03:56:19.840+0000][1][gc,marking  ] GC(5) Concurrent Scan Root Regions
[2024-03-07T03:56:19.840+0000][1][safepoint   ] Safepoint "CollectForMetadataAllocation", Time since last: 799488443 ns, Reaching safepoint: 75792 ns, Cleanup: 66715 ns, At safepoint: 16082785 ns, Total: 16225292 ns
[2024-03-07T03:56:19.853+0000][1][gc,marking  ] GC(5) Concurrent Scan Root Regions 13.314ms
[2024-03-07T03:56:19.853+0000][1][gc,marking  ] GC(5) Concurrent Mark
[2024-03-07T03:56:19.853+0000][1][gc,marking  ] GC(5) Concurrent Mark From Roots
[2024-03-07T03:56:19.853+0000][1][gc,task     ] GC(5) Using 3 workers of 3 for marking
[2024-03-07T03:56:19.858+0000][1][gc,marking  ] GC(5) Concurrent Mark From Roots 5.010ms
[2024-03-07T03:56:19.858+0000][1][gc,marking  ] GC(5) Concurrent Preclean
[2024-03-07T03:56:19.859+0000][1][gc,marking  ] GC(5) Concurrent Preclean 0.064ms
[2024-03-07T03:56:19.859+0000][1][gc,start    ] GC(5) Pause Remark
[2024-03-07T03:56:19.863+0000][1][gc          ] GC(5) Pause Remark 15M->15M(1024M) 4.631ms
[2024-03-07T03:56:19.863+0000][1][gc,cpu      ] GC(5) User=0.00s Sys=0.01s Real=0.01s
[2024-03-07T03:56:19.863+0000][1][safepoint   ] Safepoint "G1PauseRemark", Time since last: 18564252 ns, Reaching safepoint: 81893 ns, Cleanup: 10039 ns, At safepoint: 4756605 ns, Total: 4848537 ns
[2024-03-07T03:56:19.863+0000][1][gc,marking  ] GC(5) Concurrent Mark 10.131ms
[2024-03-07T03:56:19.864+0000][1][gc,marking  ] GC(5) Concurrent Rebuild Remembered Sets and Scrub Regions
[2024-03-07T03:56:19.868+0000][1][gc,marking  ] GC(5) Concurrent Rebuild Remembered Sets and Scrub Regions 4.222ms
[2024-03-07T03:56:19.868+0000][1][gc,start    ] GC(5) Pause Cleanup
[2024-03-07T03:56:19.868+0000][1][gc          ] GC(5) Pause Cleanup 16M->16M(1024M) 0.306ms
[2024-03-07T03:56:19.868+0000][1][gc,cpu      ] GC(5) User=0.00s Sys=0.00s Real=0.00s
[2024-03-07T03:56:19.869+0000][1][safepoint   ] Safepoint "G1PauseCleanup", Time since last: 4676134 ns, Reaching safepoint: 9477 ns, Cleanup: 5681 ns, At safepoint: 1098161 ns, Total: 1113319 ns
[2024-03-07T03:56:19.869+0000][1][gc,marking  ] GC(5) Concurrent Clear Claimed Marks
[2024-03-07T03:56:19.869+0000][1][gc,marking  ] GC(5) Concurrent Clear Claimed Marks 0.068ms
[2024-03-07T03:56:19.869+0000][1][gc,marking  ] GC(5) Concurrent Cleanup for Next Mark
[2024-03-07T03:56:19.872+0000][1][gc,marking  ] GC(5) Concurrent Cleanup for Next Mark 2.933ms
[2024-03-07T03:56:19.872+0000][1][gc          ] GC(5) Concurrent Mark Cycle 32.505ms
[2024-03-07T03:56:20.544+0000][1][safepoint   ] Safepoint "ICBufferFull", Time since last: 674932011 ns, Reaching safepoint: 6432 ns, Cleanup: 146475 ns, At safepoint: 8366 ns, Total: 161273 ns
[2024-03-07T03:56:21.106+0000][1][safepoint   ] Safepoint "ICBufferFull", Time since last: 561625909 ns, Reaching safepoint: 6232 ns, Cleanup: 166232 ns, At safepoint: 2725 ns, Total: 175189 ns
[2024-03-07T03:56:22.104+0000][1][gc,start    ] GC(6) Pause Young (Prepare Mixed) (Metadata GC Threshold)
[2024-03-07T03:56:22.104+0000][1][gc,task     ] GC(6) Using 10 workers of 10 for evacuation
[2024-03-07T03:56:22.104+0000][1][gc,age      ] GC(6) Desired survivor size 40370176 bytes, new threshold 15 (max threshold 15)
[2024-03-07T03:56:22.138+0000][1][gc,phases   ] GC(6)   Pre Evacuate Collection Set: 0.5ms
[2024-03-07T03:56:22.138+0000][1][gc,phases   ] GC(6)   Merge Heap Roots: 0.2ms
[2024-03-07T03:56:22.138+0000][1][gc,phases   ] GC(6)   Evacuate Collection Set: 21.8ms
[2024-03-07T03:56:22.138+0000][1][gc,phases   ] GC(6)   Post Evacuate Collection Set: 10.7ms
[2024-03-07T03:56:22.138+0000][1][gc,phases   ] GC(6)   Other: 0.1ms
[2024-03-07T03:56:22.138+0000][1][gc,age      ] GC(6) Age table with threshold 15 (max threshold 15)
[2024-03-07T03:56:22.138+0000][1][gc,age      ] GC(6) - age   1:    7885656 bytes,    7885656 total
[2024-03-07T03:56:22.138+0000][1][gc,age      ] GC(6) - age   2:    1308664 bytes,    9194320 total
[2024-03-07T03:56:22.138+0000][1][gc,age      ] GC(6) - age   3:     900816 bytes,   10095136 total
[2024-03-07T03:56:22.138+0000][1][gc,age      ] GC(6) - age   4:    1165648 bytes,   11260784 total
[2024-03-07T03:56:22.138+0000][1][gc,heap     ] GC(6) Eden regions: 92->0(602)
[2024-03-07T03:56:22.138+0000][1][gc,heap     ] GC(6) Survivor regions: 4->12(77)
[2024-03-07T03:56:22.138+0000][1][gc,heap     ] GC(6) Old regions: 8->8
[2024-03-07T03:56:22.138+0000][1][gc,heap     ] GC(6) Humongous regions: 3->3
[2024-03-07T03:56:22.138+0000][1][gc,metaspace] GC(6) Metaspace: 59896K(60480K)->59896K(60480K) NonClass: 52408K(52736K)->52408K(52736K) Class: 7488K(7744K)->7488K(7744K)
[2024-03-07T03:56:22.138+0000][1][gc          ] GC(6) Pause Young (Prepare Mixed) (Metadata GC Threshold) 106M->22M(1024M) 33.677ms
[2024-03-07T03:56:22.138+0000][1][gc,cpu      ] GC(6) User=0.08s Sys=0.00s Real=0.03s
[2024-03-07T03:56:22.138+0000][1][safepoint   ] Safepoint "CollectForMetadataAllocation", Time since last: 997850582 ns, Reaching safepoint: 19006 ns, Cleanup: 167173 ns, At safepoint: 33819234 ns, Total: 34005413 ns
[2024-03-07T03:56:22.193+0000][1][gc,start    ] GC(7) Pause Young (Mixed) (Metadata GC Threshold)
[2024-03-07T03:56:22.193+0000][1][gc,task     ] GC(7) Using 10 workers of 10 for evacuation
[2024-03-07T03:56:22.193+0000][1][gc,age      ] GC(7) Desired survivor size 40370176 bytes, new threshold 15 (max threshold 15)
[2024-03-07T03:56:22.208+0000][1][gc,phases   ] GC(7)   Pre Evacuate Collection Set: 1.3ms
[2024-03-07T03:56:22.208+0000][1][gc,phases   ] GC(7)   Merge Heap Roots: 0.1ms
[2024-03-07T03:56:22.208+0000][1][gc,phases   ] GC(7)   Evacuate Collection Set: 11.7ms
[2024-03-07T03:56:22.208+0000][1][gc,phases   ] GC(7)   Post Evacuate Collection Set: 1.8ms
[2024-03-07T03:56:22.208+0000][1][gc,phases   ] GC(7)   Other: 0.1ms
[2024-03-07T03:56:22.208+0000][1][gc,age      ] GC(7) Age table with threshold 15 (max threshold 15)
[2024-03-07T03:56:22.208+0000][1][gc,age      ] GC(7) - age   1:     478416 bytes,     478416 total
[2024-03-07T03:56:22.208+0000][1][gc,age      ] GC(7) - age   2:    7671856 bytes,    8150272 total
[2024-03-07T03:56:22.208+0000][1][gc,age      ] GC(7) - age   3:    1308632 bytes,    9458904 total
[2024-03-07T03:56:22.208+0000][1][gc,age      ] GC(7) - age   4:     900816 bytes,   10359720 total
[2024-03-07T03:56:22.208+0000][1][gc,age      ] GC(7) - age   5:    1165648 bytes,   11525368 total
[2024-03-07T03:56:22.208+0000][1][gc,heap     ] GC(7) Eden regions: 3->0(601)
[2024-03-07T03:56:22.208+0000][1][gc,heap     ] GC(7) Survivor regions: 12->13(77)
[2024-03-07T03:56:22.208+0000][1][gc,heap     ] GC(7) Old regions: 8->8
[2024-03-07T03:56:22.208+0000][1][gc,heap     ] GC(7) Humongous regions: 3->3
[2024-03-07T03:56:22.208+0000][1][gc,metaspace] GC(7) Metaspace: 60184K(60800K)->60184K(60800K) NonClass: 52672K(52992K)->52672K(52992K) Class: 7512K(7808K)->7512K(7808K)
[2024-03-07T03:56:22.208+0000][1][gc          ] GC(7) Pause Young (Mixed) (Metadata GC Threshold) 24M->22M(1024M) 15.349ms
[2024-03-07T03:56:22.208+0000][1][gc,cpu      ] GC(7) User=0.06s Sys=0.00s Real=0.01s
[2024-03-07T03:56:22.208+0000][1][safepoint   ] Safepoint "CollectForMetadataAllocation", Time since last: 54978184 ns, Reaching safepoint: 8025 ns, Cleanup: 51567 ns, At safepoint: 15483641 ns, Total: 15543233 ns
[2024-03-07T03:56:22.238+0000][1][gc,start    ] GC(8) Pause Young (Concurrent Start) (Metadata GC Threshold)
[2024-03-07T03:56:22.238+0000][1][gc,task     ] GC(8) Using 10 workers of 10 for evacuation
[2024-03-07T03:56:22.238+0000][1][gc,age      ] GC(8) Desired survivor size 40370176 bytes, new threshold 15 (max threshold 15)
[2024-03-07T03:56:22.248+0000][1][gc,phases   ] GC(8)   Pre Evacuate Collection Set: 0.3ms
[2024-03-07T03:56:22.248+0000][1][gc,phases   ] GC(8)   Merge Heap Roots: 0.1ms
[2024-03-07T03:56:22.248+0000][1][gc,phases   ] GC(8)   Evacuate Collection Set: 8.9ms
[2024-03-07T03:56:22.248+0000][1][gc,phases   ] GC(8)   Post Evacuate Collection Set: 1.1ms
[2024-03-07T03:56:22.248+0000][1][gc,phases   ] GC(8)   Other: 0.1ms
[2024-03-07T03:56:22.248+0000][1][gc,age      ] GC(8) Age table with threshold 15 (max threshold 15)
[2024-03-07T03:56:22.248+0000][1][gc,age      ] GC(8) - age   1:     137224 bytes,     137224 total
[2024-03-07T03:56:22.248+0000][1][gc,age      ] GC(8) - age   2:      83368 bytes,     220592 total
[2024-03-07T03:56:22.248+0000][1][gc,age      ] GC(8) - age   3:    7592200 bytes,    7812792 total
[2024-03-07T03:56:22.249+0000][1][gc,age      ] GC(8) - age   4:    1308632 bytes,    9121424 total
[2024-03-07T03:56:22.249+0000][1][gc,age      ] GC(8) - age   5:     900816 bytes,   10022240 total
[2024-03-07T03:56:22.249+0000][1][gc,age      ] GC(8) - age   6:    1165648 bytes,   11187888 total
[2024-03-07T03:56:22.249+0000][1][gc,heap     ] GC(8) Eden regions: 1->0(570)
[2024-03-07T03:56:22.249+0000][1][gc,heap     ] GC(8) Survivor regions: 13->13(77)
[2024-03-07T03:56:22.249+0000][1][gc,heap     ] GC(8) Old regions: 8->8
[2024-03-07T03:56:22.249+0000][1][gc,heap     ] GC(8) Humongous regions: 3->3
[2024-03-07T03:56:22.249+0000][1][gc,metaspace] GC(8) Metaspace: 60570K(61120K)->60570K(61120K) NonClass: 53013K(53312K)->53013K(53312K) Class: 7556K(7808K)->7556K(7808K)
[2024-03-07T03:56:22.249+0000][1][gc          ] GC(8) Pause Young (Concurrent Start) (Metadata GC Threshold) 23M->22M(1024M) 10.762ms
[2024-03-07T03:56:22.249+0000][1][gc,cpu      ] GC(8) User=0.04s Sys=0.00s Real=0.01s
[2024-03-07T03:56:22.249+0000][1][safepoint   ] Safepoint "CollectForMetadataAllocation", Time since last: 29341272 ns, Reaching safepoint: 6482 ns, Cleanup: 33172 ns, At safepoint: 10895263 ns, Total: 10934917 ns
[2024-03-07T03:56:22.249+0000][1][gc          ] GC(9) Concurrent Mark Cycle
[2024-03-07T03:56:22.249+0000][1][gc,marking  ] GC(9) Concurrent Scan Root Regions
[2024-03-07T03:56:22.254+0000][1][gc,marking  ] GC(9) Concurrent Scan Root Regions 5.253ms
[2024-03-07T03:56:22.254+0000][1][gc,marking  ] GC(9) Concurrent Mark
[2024-03-07T03:56:22.254+0000][1][gc,marking  ] GC(9) Concurrent Mark From Roots
[2024-03-07T03:56:22.255+0000][1][gc,task     ] GC(9) Using 3 workers of 3 for marking
[2024-03-07T03:56:22.268+0000][1][gc,marking  ] GC(9) Concurrent Mark From Roots 13.956ms
[2024-03-07T03:56:22.269+0000][1][gc,marking  ] GC(9) Concurrent Preclean
[2024-03-07T03:56:22.269+0000][1][gc,marking  ] GC(9) Concurrent Preclean 0.058ms
[2024-03-07T03:56:22.269+0000][1][gc,start    ] GC(9) Pause Remark
[2024-03-07T03:56:22.281+0000][1][gc          ] GC(9) Pause Remark 24M->24M(1024M) 11.819ms
[2024-03-07T03:56:22.281+0000][1][gc,cpu      ] GC(9) User=0.01s Sys=0.00s Real=0.01s
[2024-03-07T03:56:22.281+0000][1][safepoint   ] Safepoint "G1PauseRemark", Time since last: 19892864 ns, Reaching safepoint: 82255 ns, Cleanup: 6622 ns, At safepoint: 11944651 ns, Total: 12033528 ns
[2024-03-07T03:56:22.281+0000][1][gc,marking  ] GC(9) Concurrent Mark 26.251ms
[2024-03-07T03:56:22.281+0000][1][gc,marking  ] GC(9) Concurrent Rebuild Remembered Sets and Scrub Regions
[2024-03-07T03:56:22.282+0000][1][gc,marking  ] GC(9) Concurrent Rebuild Remembered Sets and Scrub Regions 1.616ms
[2024-03-07T03:56:22.283+0000][1][gc,start    ] GC(9) Pause Cleanup
[2024-03-07T03:56:22.283+0000][1][gc          ] GC(9) Pause Cleanup 24M->24M(1024M) 0.380ms
[2024-03-07T03:56:22.283+0000][1][gc,cpu      ] GC(9) User=0.00s Sys=0.00s Real=0.01s
[2024-03-07T03:56:22.283+0000][1][safepoint   ] Safepoint "G1PauseCleanup", Time since last: 1800538 ns, Reaching safepoint: 76233 ns, Cleanup: 5210 ns, At safepoint: 434576 ns, Total: 516019 ns
[2024-03-07T03:56:22.283+0000][1][gc,marking  ] GC(9) Concurrent Clear Claimed Marks
[2024-03-07T03:56:22.283+0000][1][gc,marking  ] GC(9) Concurrent Clear Claimed Marks 0.076ms
[2024-03-07T03:56:22.283+0000][1][gc,marking  ] GC(9) Concurrent Cleanup for Next Mark
[2024-03-07T03:56:22.287+0000][1][gc,marking  ] GC(9) Concurrent Cleanup for Next Mark 3.631ms
[2024-03-07T03:56:22.287+0000][1][gc          ] GC(9) Concurrent Mark Cycle 37.775ms
[2024-03-07T03:56:22.955+0000][1][safepoint   ] Safepoint "ICBufferFull", Time since last: 671923857 ns, Reaching safepoint: 12173 ns, Cleanup: 189395 ns, At safepoint: 7725 ns, Total: 209293 ns
[2024-03-07T03:56:23.877+0000][1][safepoint   ] Safepoint "ICBufferFull", Time since last: 921827553 ns, Reaching safepoint: 12363 ns, Cleanup: 177543 ns, At safepoint: 3396 ns, Total: 193302 ns
[2024-03-07T03:56:24.483+0000][1][safepoint   ] Safepoint "ICBufferFull", Time since last: 605420951 ns, Reaching safepoint: 16651 ns, Cleanup: 201508 ns, At safepoint: 11532 ns, Total: 229691 ns
[2024-03-07T03:56:24.832+0000][1][safepoint   ] Safepoint "ICBufferFull", Time since last: 348801394 ns, Reaching safepoint: 16541 ns, Cleanup: 138219 ns, At safepoint: 5501 ns, Total: 160261 ns
[2024-03-07T03:56:25.001+0000][1][safepoint   ] Safepoint "ICBufferFull", Time since last: 169243144 ns, Reaching safepoint: 6202 ns, Cleanup: 100398 ns, At safepoint: 3968 ns, Total: 110568 ns
[2024-03-07T03:56:26.001+0000][1][safepoint   ] Safepoint "Cleanup", Time since last: 1000152401 ns, Reaching safepoint: 14136 ns, Cleanup: 83176 ns, At safepoint: 3717 ns, Total: 101029 ns
[2024-03-07T03:56:27.002+0000][1][safepoint   ] Safepoint "Cleanup", Time since last: 1000146539 ns, Reaching safepoint: 13385 ns, Cleanup: 13064 ns, At safepoint: 4399 ns, Total: 30848 ns
[2024-03-07T03:56:28.524+0000][1][safepoint   ] Safepoint "Cleanup", Time since last: 1522466302 ns, Reaching safepoint: 48671 ns, Cleanup: 49273 ns, At safepoint: 4739 ns, Total: 102683 ns
[2024-03-07T03:56:29.163+0000][1][safepoint   ] Safepoint "ICBufferFull", Time since last: 639104249 ns, Reaching safepoint: 22261 ns, Cleanup: 155342 ns, At safepoint: 10690 ns, Total: 188293 ns
[2024-03-07T03:56:30.164+0000][1][safepoint   ] Safepoint "Cleanup", Time since last: 1000146220 ns, Reaching safepoint: 19346 ns, Cleanup: 46367 ns, At safepoint: 4018 ns, Total: 69731 ns
[2024-03-07T03:56:31.164+0000][1][safepoint   ] Safepoint "Cleanup", Time since last: 1000129298 ns, Reaching safepoint: 17553 ns, Cleanup: 21029 ns, At safepoint: 4178 ns, Total: 42760 ns
[2024-03-07T03:56:32.164+0000][1][safepoint   ] Safepoint "Cleanup", Time since last: 1000124258 ns, Reaching safepoint: 15910 ns, Cleanup: 14006 ns, At safepoint: 5210 ns, Total: 35126 ns
[2024-03-07T03:56:33.164+0000][1][safepoint   ] Safepoint "Cleanup", Time since last: 1000437426 ns, Reaching safepoint: 22462 ns, Cleanup: 18165 ns, At safepoint: 11962 ns, Total: 52589 ns
[2024-03-07T03:56:34.165+0000][1][safepoint   ] Safepoint "Cleanup", Time since last: 1000145929 ns, Reaching safepoint: 16170 ns, Cleanup: 29996 ns, At safepoint: 5070 ns, Total: 51236 ns
[2024-03-07T03:56:35.165+0000][1][safepoint   ] Safepoint "Cleanup", Time since last: 1000121482 ns, Reaching safepoint: 10290 ns, Cleanup: 58439 ns, At safepoint: 2755 ns, Total: 71484 ns
[2024-03-07T03:56:36.165+0000][1][safepoint   ] Safepoint "Cleanup", Time since last: 1000117907 ns, Reaching safepoint: 60854 ns, Cleanup: 24286 ns, At safepoint: 6703 ns, Total: 91843 ns
[2024-03-07T03:56:37.165+0000][1][safepoint   ] Safepoint "Cleanup", Time since last: 1000127644 ns, Reaching safepoint: 16802 ns, Cleanup: 16611 ns, At safepoint: 3216 ns, Total: 36629 ns
[2024-03-07T03:56:38.800+0000][1][safepoint   ] Safepoint "Cleanup", Time since last: 1634530904 ns, Reaching safepoint: 7163 ns, Cleanup: 25187 ns, At safepoint: 1854 ns, Total: 34204 ns
[2024-03-07T03:56:38.818+0000][1][gc,heap,exit] Heap
[2024-03-07T03:56:38.818+0000][1][gc,heap,exit]  garbage-first heap   total 1048576K, used 241929K [0x00000000c0000000, 0x0000000100000000)
[2024-03-07T03:56:38.818+0000][1][gc,heap,exit]   region size 1024K, 227 young (232448K), 13 survivors (13312K)
[2024-03-07T03:56:38.818+0000][1][gc,heap,exit]  Metaspace       used 84094K, committed 85568K, reserved 1179648K
[2024-03-07T03:56:38.818+0000][1][gc,heap,exit]   class space    used 11270K, committed 11904K, reserved 1048576K
